f:\work\git\modelfinder\cvmodelfinder\x64\debug\cvmodelfinder.pch
f:\work\git\modelfinder\cvmodelfinder\x64\debug\vc141.pdb
f:\work\git\modelfinder\cvmodelfinder\x64\debug\pch.obj
f:\work\git\modelfinder\cvmodelfinder\x64\debug\ncc_modelfinder.obj
f:\work\git\modelfinder\cvmodelfinder\x64\debug\modeldefine.obj
f:\work\git\modelfinder\cvmodelfinder\x64\debug\cvmodelfinder.obj
f:\work\git\modelfinder\cvmodelfinder\x64\debug\assemblyinfo.obj
f:\work\git\modelfinder\cvmodelfinder\x64\debug\.netframework,version=v4.0.assemblyattributes.obj
f:\work\git\modelfinder\cvmodelfinder\x64\debug\.netframework,version=v4.0.assemblyattributes.asm
f:\work\git\modelfinder\x64\debug\cvmodelfinder.dll
f:\work\git\modelfinder\x64\debug\cvmodelfinder.pdb
f:\work\git\modelfinder\cvmodelfinder\x64\debug\app.res
f:\work\git\modelfinder\cvmodelfinder\x64\debug\cvmodelfinder.vcxprojassemblyreference.cache
f:\work\git\modelfinder\cvmodelfinder\x64\debug\cvmodelfinder.tlog\cl.command.1.tlog
f:\work\git\modelfinder\cvmodelfinder\x64\debug\cvmodelfinder.tlog\cl.read.1.tlog
f:\work\git\modelfinder\cvmodelfinder\x64\debug\cvmodelfinder.tlog\cl.write.1.tlog
f:\work\git\modelfinder\cvmodelfinder\x64\debug\cvmodelfinder.tlog\link.command.1.tlog
f:\work\git\modelfinder\cvmodelfinder\x64\debug\cvmodelfinder.tlog\link.read.1.tlog
f:\work\git\modelfinder\cvmodelfinder\x64\debug\cvmodelfinder.tlog\link.write.1.tlog
f:\work\git\modelfinder\cvmodelfinder\x64\debug\cvmodelfinder.tlog\metagen.read.1.tlog
f:\work\git\modelfinder\cvmodelfinder\x64\debug\cvmodelfinder.tlog\metagen.write.1.tlog
f:\work\git\modelfinder\cvmodelfinder\x64\debug\cvmodelfinder.tlog\rc.command.1.tlog
f:\work\git\modelfinder\cvmodelfinder\x64\debug\cvmodelfinder.tlog\rc.read.1.tlog
f:\work\git\modelfinder\cvmodelfinder\x64\debug\cvmodelfinder.tlog\rc.write.1.tlog
