d:\git\modelfinder\cvmodelfinder\x64\release\cvmodelfinder.pch
d:\git\modelfinder\cvmodelfinder\x64\release\vc142.pdb
d:\git\modelfinder\cvmodelfinder\x64\release\pch.obj
d:\git\modelfinder\cvmodelfinder\x64\release\ncc_modelfinder.obj
d:\git\modelfinder\cvmodelfinder\x64\release\modeldefine.obj
d:\git\modelfinder\cvmodelfinder\x64\release\cvmodelfinder.obj
d:\git\modelfinder\cvmodelfinder\x64\release\assemblyinfo.obj
d:\git\modelfinder\cvmodelfinder\x64\release\.netframework,version=v4.6.2.assemblyattributes.obj
d:\git\modelfinder\cvmodelfinder\x64\release\.netframework,version=v4.6.2.assemblyattributes.asm
d:\git\modelfinder\x64\release\cvmodelfinder.exe
d:\git\modelfinder\x64\release\cvmodelfinder.pdb
d:\git\modelfinder\cvmodelfinder\x64\release\app.res
d:\git\modelfinder\cvmodelfinder\x64\release\cvmodelfinder.vcxprojassemblyreference.cache
d:\git\modelfinder\x64\release\cvmodelfinder.dll
d:\git\modelfinder\cvmodelfinder\x64\release\cvmodelfinder.tlog\cl.command.1.tlog
d:\git\modelfinder\cvmodelfinder\x64\release\cvmodelfinder.tlog\cl.read.1.tlog
d:\git\modelfinder\cvmodelfinder\x64\release\cvmodelfinder.tlog\cl.write.1.tlog
d:\git\modelfinder\cvmodelfinder\x64\release\cvmodelfinder.tlog\link.command.1.tlog
d:\git\modelfinder\cvmodelfinder\x64\release\cvmodelfinder.tlog\link.delete.1.tlog
d:\git\modelfinder\cvmodelfinder\x64\release\cvmodelfinder.tlog\link.read.1.tlog
d:\git\modelfinder\cvmodelfinder\x64\release\cvmodelfinder.tlog\link.write.1.tlog
d:\git\modelfinder\cvmodelfinder\x64\release\cvmodelfinder.tlog\metagen.read.1.tlog
d:\git\modelfinder\cvmodelfinder\x64\release\cvmodelfinder.tlog\metagen.write.1.tlog
d:\git\modelfinder\cvmodelfinder\x64\release\cvmodelfinder.tlog\rc.command.1.tlog
d:\git\modelfinder\cvmodelfinder\x64\release\cvmodelfinder.tlog\rc.read.1.tlog
d:\git\modelfinder\cvmodelfinder\x64\release\cvmodelfinder.tlog\rc.write.1.tlog
